16:52:25.919 [ApplicationImpl pooled thread 20] INFO  c.b.l.BrowserStackRunExtension - maven
16:52:25.921 [ApplicationImpl pooled thread 20] INFO  com.browserstack.utils.Helpers - null
16:52:33.096 [ApplicationImpl pooled thread 19] INFO  c.b.l.BrowserStackRunExtension - maven
16:52:33.096 [ApplicationImpl pooled thread 19] INFO  com.browserstack.utils.Helpers - null
16:52:55.591 [ApplicationImpl pooled thread 22] INFO  c.b.l.BrowserStackRunExtension - testng
16:52:55.591 [ApplicationImpl pooled thread 22] INFO  com.browserstack.utils.Helpers - null
16:52:55.592 [ApplicationImpl pooled thread 22] INFO  c.b.l.BrowserStackRunExtension - Agent path: null
16:55:53.033 [ApplicationImpl pooled thread 19] INFO  c.b.l.BrowserStackRunExtension - testng
16:55:53.033 [ApplicationImpl pooled thread 19] INFO  com.browserstack.utils.Helpers - null
16:55:53.033 [ApplicationImpl pooled thread 19] INFO  c.b.l.BrowserStackRunExtension - Agent path: null
17:07:45.612 [ApplicationImpl pooled thread 24] INFO  c.b.l.BrowserStackRunExtension - testng
17:07:45.612 [ApplicationImpl pooled thread 24] INFO  com.browserstack.utils.Helpers - null
17:07:45.613 [ApplicationImpl pooled thread 24] INFO  c.b.l.BrowserStackRunExtension - Agent path: null
17:09:47.175 [ApplicationImpl pooled thread 25] INFO  c.b.l.BrowserStackRunExtension - testng
17:09:47.176 [ApplicationImpl pooled thread 25] INFO  com.browserstack.utils.Helpers - null
17:09:47.176 [ApplicationImpl pooled thread 25] INFO  c.b.l.BrowserStackRunExtension - Agent path: null
17:29:29.610 [ApplicationImpl pooled thread 41] INFO  c.b.l.BrowserStackRunExtension - testng
17:29:29.610 [ApplicationImpl pooled thread 41] INFO  com.browserstack.utils.Helpers - null
17:29:29.610 [ApplicationImpl pooled thread 41] INFO  c.b.l.BrowserStackRunExtension - Agent path: null
09:55:25.981 [ApplicationImpl pooled thread 63] INFO  c.b.l.BrowserStackRunExtension - testng
09:55:25.981 [ApplicationImpl pooled thread 63] INFO  com.browserstack.utils.Helpers - null
09:55:25.982 [ApplicationImpl pooled thread 63] INFO  c.b.l.BrowserStackRunExtension - Agent path: null
09:55:44.128 [ApplicationImpl pooled thread 59] INFO  c.b.l.BrowserStackRunExtension - testng
09:55:44.129 [ApplicationImpl pooled thread 59] INFO  com.browserstack.utils.Helpers - null
09:55:44.129 [ApplicationImpl pooled thread 59] INFO  c.b.l.BrowserStackRunExtension - Agent path: null
09:56:25.054 [ApplicationImpl pooled thread 63] INFO  c.b.l.BrowserStackRunExtension - testng
09:56:25.054 [ApplicationImpl pooled thread 63] INFO  com.browserstack.utils.Helpers - null
09:56:25.057 [ApplicationImpl pooled thread 63] INFO  c.b.l.BrowserStackRunExtension - Agent path: null
12:05:04.640 [ApplicationImpl pooled thread 88] INFO  c.b.l.BrowserStackRunExtension - testng
12:05:04.640 [ApplicationImpl pooled thread 88] INFO  com.browserstack.utils.Helpers - null
12:05:04.640 [ApplicationImpl pooled thread 88] INFO  c.b.l.BrowserStackRunExtension - Agent path: null
12:05:21.403 [ApplicationImpl pooled thread 97] INFO  c.b.l.BrowserStackRunExtension - testng
12:05:21.404 [ApplicationImpl pooled thread 97] INFO  com.browserstack.utils.Helpers - null
12:05:21.406 [ApplicationImpl pooled thread 97] INFO  c.b.l.BrowserStackRunExtension - Agent path: null
12:08:11.653 [ApplicationImpl pooled thread 96] INFO  c.b.l.BrowserStackRunExtension - testng
12:08:11.653 [ApplicationImpl pooled thread 96] INFO  com.browserstack.utils.Helpers - null
12:08:11.653 [ApplicationImpl pooled thread 96] INFO  c.b.l.BrowserStackRunExtension - Agent path: null
12:08:36.765 [ApplicationImpl pooled thread 96] INFO  c.b.l.BrowserStackRunExtension - testng
12:08:36.765 [ApplicationImpl pooled thread 96] INFO  com.browserstack.utils.Helpers - null
12:08:36.766 [ApplicationImpl pooled thread 96] INFO  c.b.l.BrowserStackRunExtension - Agent path: null
12:16:59.018 [ApplicationImpl pooled thread 101] INFO  c.b.l.BrowserStackRunExtension - testng
12:16:59.018 [ApplicationImpl pooled thread 101] INFO  com.browserstack.utils.Helpers - null
12:16:59.019 [ApplicationImpl pooled thread 101] INFO  c.b.l.BrowserStackRunExtension - Agent path: null
13:22:20.188 [ApplicationImpl pooled thread 124] INFO  c.b.l.BrowserStackRunExtension - testng
13:22:20.188 [ApplicationImpl pooled thread 124] INFO  com.browserstack.utils.Helpers - null
13:22:20.188 [ApplicationImpl pooled thread 124] INFO  c.b.l.BrowserStackRunExtension - Agent path: null
13:22:41.595 [ApplicationImpl pooled thread 123] INFO  c.b.l.BrowserStackRunExtension - testng
13:22:41.595 [ApplicationImpl pooled thread 123] INFO  com.browserstack.utils.Helpers - null
13:22:41.597 [ApplicationImpl pooled thread 123] INFO  c.b.l.BrowserStackRunExtension - Agent path: null
13:22:58.050 [ApplicationImpl pooled thread 123] INFO  c.b.l.BrowserStackRunExtension - testng
13:22:58.050 [ApplicationImpl pooled thread 123] INFO  com.browserstack.utils.Helpers - null
13:22:58.051 [ApplicationImpl pooled thread 123] INFO  c.b.l.BrowserStackRunExtension - Agent path: null
14:19:06.453 [ApplicationImpl pooled thread 136] INFO  c.b.l.BrowserStackRunExtension - testng
14:19:06.453 [ApplicationImpl pooled thread 136] INFO  com.browserstack.utils.Helpers - null
14:19:06.454 [ApplicationImpl pooled thread 136] INFO  c.b.l.BrowserStackRunExtension - Agent path: null
15:34:50.010 [ApplicationImpl pooled thread 148] INFO  c.b.l.BrowserStackRunExtension - testng
15:34:50.010 [ApplicationImpl pooled thread 148] INFO  com.browserstack.utils.Helpers - null
15:34:50.011 [ApplicationImpl pooled thread 148] INFO  c.b.l.BrowserStackRunExtension - Agent path: null
15:36:15.741 [ApplicationImpl pooled thread 148] INFO  c.b.l.BrowserStackRunExtension - testng
15:36:15.741 [ApplicationImpl pooled thread 148] INFO  com.browserstack.utils.Helpers - null
15:36:15.741 [ApplicationImpl pooled thread 148] INFO  c.b.l.BrowserStackRunExtension - Agent path: null
15:37:34.141 [ApplicationImpl pooled thread 148] INFO  c.b.l.BrowserStackRunExtension - testng
15:37:34.142 [ApplicationImpl pooled thread 148] INFO  com.browserstack.utils.Helpers - null
15:37:34.142 [ApplicationImpl pooled thread 148] INFO  c.b.l.BrowserStackRunExtension - Agent path: null
15:39:19.232 [ApplicationImpl pooled thread 162] INFO  c.b.l.BrowserStackRunExtension - testng
15:39:19.232 [ApplicationImpl pooled thread 162] INFO  com.browserstack.utils.Helpers - null
15:39:19.233 [ApplicationImpl pooled thread 162] INFO  c.b.l.BrowserStackRunExtension - Agent path: null
15:42:13.326 [AWT-EventQueue-0] INFO  c.b.actions.DisableBrowserStack - Setting disable browserstack run update
15:42:13.333 [AWT-EventQueue-0] INFO  c.b.actions.EnableBrowserStack - Setting enable browserstack run update
15:52:31.466 [ApplicationImpl pooled thread 160] INFO  c.b.l.BrowserStackRunExtension - testng
15:52:31.466 [ApplicationImpl pooled thread 160] INFO  com.browserstack.utils.Helpers - null
15:52:31.466 [ApplicationImpl pooled thread 160] INFO  c.b.l.BrowserStackRunExtension - Agent path: null
15:53:36.211 [ApplicationImpl pooled thread 167] INFO  c.b.l.BrowserStackRunExtension - testng
15:53:36.212 [ApplicationImpl pooled thread 167] INFO  com.browserstack.utils.Helpers - null
15:53:36.214 [ApplicationImpl pooled thread 167] INFO  c.b.l.BrowserStackRunExtension - Agent path: null
15:57:22.518 [ApplicationImpl pooled thread 167] INFO  c.b.l.BrowserStackRunExtension - testng
15:57:22.519 [ApplicationImpl pooled thread 167] INFO  com.browserstack.utils.Helpers - null
15:57:22.519 [ApplicationImpl pooled thread 167] INFO  c.b.l.BrowserStackRunExtension - Agent path: null
15:57:54.014 [ApplicationImpl pooled thread 171] INFO  c.b.l.BrowserStackRunExtension - testng
15:57:54.014 [ApplicationImpl pooled thread 171] INFO  com.browserstack.utils.Helpers - null
15:57:54.015 [ApplicationImpl pooled thread 171] INFO  c.b.l.BrowserStackRunExtension - Agent path: null
15:58:28.706 [ApplicationImpl pooled thread 160] INFO  c.b.l.BrowserStackRunExtension - testng
15:58:28.706 [ApplicationImpl pooled thread 160] INFO  com.browserstack.utils.Helpers - null
15:58:28.707 [ApplicationImpl pooled thread 160] INFO  c.b.l.BrowserStackRunExtension - Agent path: null
16:01:46.218 [ApplicationImpl pooled thread 171] INFO  c.b.l.BrowserStackRunExtension - testng
16:01:46.218 [ApplicationImpl pooled thread 171] INFO  com.browserstack.utils.Helpers - null
16:01:46.220 [ApplicationImpl pooled thread 171] INFO  c.b.l.BrowserStackRunExtension - Agent path: null
16:02:02.484 [ApplicationImpl pooled thread 167] INFO  c.b.l.BrowserStackRunExtension - testng
16:02:02.484 [ApplicationImpl pooled thread 167] INFO  com.browserstack.utils.Helpers - null
16:02:02.484 [ApplicationImpl pooled thread 167] INFO  c.b.l.BrowserStackRunExtension - Agent path: null
16:02:37.753 [ApplicationImpl pooled thread 174] INFO  c.b.l.BrowserStackRunExtension - testng
16:02:37.753 [ApplicationImpl pooled thread 174] INFO  com.browserstack.utils.Helpers - null
16:02:37.755 [ApplicationImpl pooled thread 174] INFO  c.b.l.BrowserStackRunExtension - Agent path: null
16:24:45.194 [ApplicationImpl pooled thread 176] INFO  c.b.l.BrowserStackRunExtension - testng
16:24:45.194 [ApplicationImpl pooled thread 176] INFO  com.browserstack.utils.Helpers - null
16:24:45.195 [ApplicationImpl pooled thread 176] INFO  c.b.l.BrowserStackRunExtension - Agent path: null
16:25:21.636 [ApplicationImpl pooled thread 176] INFO  c.b.l.BrowserStackRunExtension - testng
16:25:21.636 [ApplicationImpl pooled thread 176] INFO  com.browserstack.utils.Helpers - null
16:25:21.637 [ApplicationImpl pooled thread 176] INFO  c.b.l.BrowserStackRunExtension - Agent path: null
16:26:57.510 [ApplicationImpl pooled thread 182] INFO  c.b.l.BrowserStackRunExtension - testng
16:26:57.510 [ApplicationImpl pooled thread 182] INFO  com.browserstack.utils.Helpers - null
16:26:57.512 [ApplicationImpl pooled thread 182] INFO  c.b.l.BrowserStackRunExtension - Agent path: null
16:29:28.916 [ApplicationImpl pooled thread 176] INFO  c.b.l.BrowserStackRunExtension - testng
16:29:28.916 [ApplicationImpl pooled thread 176] INFO  com.browserstack.utils.Helpers - null
16:29:28.916 [ApplicationImpl pooled thread 176] INFO  c.b.l.BrowserStackRunExtension - Agent path: null
16:29:55.370 [ApplicationImpl pooled thread 176] INFO  c.b.l.BrowserStackRunExtension - testng
16:29:55.370 [ApplicationImpl pooled thread 176] INFO  com.browserstack.utils.Helpers - null
16:29:55.371 [ApplicationImpl pooled thread 176] INFO  c.b.l.BrowserStackRunExtension - Agent path: null
16:30:48.663 [ApplicationImpl pooled thread 188] INFO  c.b.l.BrowserStackRunExtension - testng
16:30:48.663 [ApplicationImpl pooled thread 188] INFO  com.browserstack.utils.Helpers - null
16:30:48.663 [ApplicationImpl pooled thread 188] INFO  c.b.l.BrowserStackRunExtension - Agent path: null
16:32:10.697 [ApplicationImpl pooled thread 186] INFO  c.b.l.BrowserStackRunExtension - testng
16:32:10.697 [ApplicationImpl pooled thread 186] INFO  com.browserstack.utils.Helpers - null
16:32:10.698 [ApplicationImpl pooled thread 186] INFO  c.b.l.BrowserStackRunExtension - Agent path: null
16:33:08.904 [ApplicationImpl pooled thread 189] INFO  c.b.l.BrowserStackRunExtension - testng
16:33:08.904 [ApplicationImpl pooled thread 189] INFO  com.browserstack.utils.Helpers - null
16:33:08.906 [ApplicationImpl pooled thread 189] INFO  c.b.l.BrowserStackRunExtension - Agent path: null
16:37:37.638 [ApplicationImpl pooled thread 196] INFO  c.b.l.BrowserStackRunExtension - testng
16:37:37.639 [ApplicationImpl pooled thread 196] INFO  com.browserstack.utils.Helpers - null
16:37:37.640 [ApplicationImpl pooled thread 196] INFO  c.b.l.BrowserStackRunExtension - Agent path: null
16:39:58.783 [ApplicationImpl pooled thread 198] INFO  c.b.l.BrowserStackRunExtension - testng
16:39:58.784 [ApplicationImpl pooled thread 198] INFO  com.browserstack.utils.Helpers - null
16:39:58.786 [ApplicationImpl pooled thread 198] INFO  c.b.l.BrowserStackRunExtension - Agent path: null
16:40:54.514 [ApplicationImpl pooled thread 198] INFO  c.b.l.BrowserStackRunExtension - testng
16:40:54.514 [ApplicationImpl pooled thread 198] INFO  com.browserstack.utils.Helpers - null
16:40:54.516 [ApplicationImpl pooled thread 198] INFO  c.b.l.BrowserStackRunExtension - Agent path: null
16:41:24.990 [ApplicationImpl pooled thread 196] INFO  c.b.l.BrowserStackRunExtension - testng
16:41:24.990 [ApplicationImpl pooled thread 196] INFO  com.browserstack.utils.Helpers - null
16:41:24.990 [ApplicationImpl pooled thread 196] INFO  c.b.l.BrowserStackRunExtension - Agent path: null
16:42:54.825 [ApplicationImpl pooled thread 201] INFO  c.b.l.BrowserStackRunExtension - testng
16:42:54.825 [ApplicationImpl pooled thread 201] INFO  com.browserstack.utils.Helpers - null
16:42:54.826 [ApplicationImpl pooled thread 201] INFO  c.b.l.BrowserStackRunExtension - Agent path: null
16:44:02.864 [ApplicationImpl pooled thread 205] INFO  c.b.l.BrowserStackRunExtension - testng
16:44:02.864 [ApplicationImpl pooled thread 205] INFO  com.browserstack.utils.Helpers - null
16:44:02.865 [ApplicationImpl pooled thread 205] INFO  c.b.l.BrowserStackRunExtension - Agent path: null
16:44:27.109 [ApplicationImpl pooled thread 206] INFO  c.b.l.BrowserStackRunExtension - testng
16:44:27.109 [ApplicationImpl pooled thread 206] INFO  com.browserstack.utils.Helpers - null
16:44:27.110 [ApplicationImpl pooled thread 206] INFO  c.b.l.BrowserStackRunExtension - Agent path: null
16:44:41.051 [ApplicationImpl pooled thread 206] INFO  c.b.l.BrowserStackRunExtension - testng
16:44:41.051 [ApplicationImpl pooled thread 206] INFO  com.browserstack.utils.Helpers - null
16:44:41.053 [ApplicationImpl pooled thread 206] INFO  c.b.l.BrowserStackRunExtension - Agent path: null
16:45:59.055 [ApplicationImpl pooled thread 206] INFO  c.b.l.BrowserStackRunExtension - testng
16:45:59.055 [ApplicationImpl pooled thread 206] INFO  com.browserstack.utils.Helpers - null
16:45:59.055 [ApplicationImpl pooled thread 206] INFO  c.b.l.BrowserStackRunExtension - Agent path: null
16:46:35.470 [ApplicationImpl pooled thread 196] INFO  c.b.l.BrowserStackRunExtension - testng
16:46:35.470 [ApplicationImpl pooled thread 196] INFO  com.browserstack.utils.Helpers - null
16:46:35.472 [ApplicationImpl pooled thread 196] INFO  c.b.l.BrowserStackRunExtension - Agent path: null
16:47:02.708 [ApplicationImpl pooled thread 212] INFO  c.b.l.BrowserStackRunExtension - testng
16:47:02.708 [ApplicationImpl pooled thread 212] INFO  com.browserstack.utils.Helpers - null
16:47:02.708 [ApplicationImpl pooled thread 212] INFO  c.b.l.BrowserStackRunExtension - Agent path: null
16:48:02.657 [ApplicationImpl pooled thread 196] INFO  c.b.l.BrowserStackRunExtension - testng
16:48:02.657 [ApplicationImpl pooled thread 196] INFO  com.browserstack.utils.Helpers - null
16:48:02.658 [ApplicationImpl pooled thread 196] INFO  c.b.l.BrowserStackRunExtension - Agent path: null
16:53:18.236 [ApplicationImpl pooled thread 213] INFO  c.b.l.BrowserStackRunExtension - testng
16:53:18.237 [ApplicationImpl pooled thread 213] INFO  com.browserstack.utils.Helpers - null
16:53:18.238 [ApplicationImpl pooled thread 213] INFO  c.b.l.BrowserStackRunExtension - Agent path: null
16:53:38.348 [ApplicationImpl pooled thread 205] INFO  c.b.l.BrowserStackRunExtension - testng
16:53:38.348 [ApplicationImpl pooled thread 205] INFO  com.browserstack.utils.Helpers - null
16:53:38.349 [ApplicationImpl pooled thread 205] INFO  c.b.l.BrowserStackRunExtension - Agent path: null
16:57:15.616 [ApplicationImpl pooled thread 213] INFO  c.b.l.BrowserStackRunExtension - testng
16:57:15.616 [ApplicationImpl pooled thread 213] INFO  com.browserstack.utils.Helpers - null
16:57:15.618 [ApplicationImpl pooled thread 213] INFO  c.b.l.BrowserStackRunExtension - Agent path: null
16:59:17.753 [ApplicationImpl pooled thread 218] INFO  c.b.l.BrowserStackRunExtension - testng
16:59:17.754 [ApplicationImpl pooled thread 218] INFO  com.browserstack.utils.Helpers - null
16:59:17.756 [ApplicationImpl pooled thread 218] INFO  c.b.l.BrowserStackRunExtension - Agent path: null
17:01:21.628 [ApplicationImpl pooled thread 218] INFO  c.b.l.BrowserStackRunExtension - testng
17:01:21.628 [ApplicationImpl pooled thread 218] INFO  com.browserstack.utils.Helpers - null
17:01:21.629 [ApplicationImpl pooled thread 218] INFO  c.b.l.BrowserStackRunExtension - Agent path: null
17:01:38.683 [ApplicationImpl pooled thread 222] INFO  c.b.l.BrowserStackRunExtension - testng
17:01:38.683 [ApplicationImpl pooled thread 222] INFO  com.browserstack.utils.Helpers - null
17:01:38.684 [ApplicationImpl pooled thread 222] INFO  c.b.l.BrowserStackRunExtension - Agent path: null
17:02:14.604 [ApplicationImpl pooled thread 218] INFO  c.b.l.BrowserStackRunExtension - testng
17:02:14.604 [ApplicationImpl pooled thread 218] INFO  com.browserstack.utils.Helpers - null
17:02:14.605 [ApplicationImpl pooled thread 218] INFO  c.b.l.BrowserStackRunExtension - Agent path: null
17:02:40.560 [ApplicationImpl pooled thread 222] INFO  c.b.l.BrowserStackRunExtension - testng
17:02:40.560 [ApplicationImpl pooled thread 222] INFO  com.browserstack.utils.Helpers - null
17:02:40.560 [ApplicationImpl pooled thread 222] INFO  c.b.l.BrowserStackRunExtension - Agent path: null
17:02:55.763 [ApplicationImpl pooled thread 213] INFO  c.b.l.BrowserStackRunExtension - testng
17:02:55.763 [ApplicationImpl pooled thread 213] INFO  com.browserstack.utils.Helpers - null
17:02:55.765 [ApplicationImpl pooled thread 213] INFO  c.b.l.BrowserStackRunExtension - Agent path: null
17:03:13.170 [ApplicationImpl pooled thread 218] INFO  c.b.l.BrowserStackRunExtension - testng
17:03:13.171 [ApplicationImpl pooled thread 218] INFO  com.browserstack.utils.Helpers - null
17:03:13.173 [ApplicationImpl pooled thread 218] INFO  c.b.l.BrowserStackRunExtension - Agent path: null
17:03:27.611 [ApplicationImpl pooled thread 223] INFO  c.b.l.BrowserStackRunExtension - testng
17:03:27.611 [ApplicationImpl pooled thread 223] INFO  com.browserstack.utils.Helpers - null
17:03:27.612 [ApplicationImpl pooled thread 223] INFO  c.b.l.BrowserStackRunExtension - Agent path: null
17:03:36.699 [ApplicationImpl pooled thread 222] INFO  c.b.l.BrowserStackRunExtension - testng
17:03:36.700 [ApplicationImpl pooled thread 222] INFO  com.browserstack.utils.Helpers - null
17:03:36.702 [ApplicationImpl pooled thread 222] INFO  c.b.l.BrowserStackRunExtension - Agent path: null
17:06:44.635 [ApplicationImpl pooled thread 223] INFO  c.b.l.BrowserStackRunExtension - testng
17:06:44.635 [ApplicationImpl pooled thread 223] INFO  com.browserstack.utils.Helpers - null
17:06:44.637 [ApplicationImpl pooled thread 223] INFO  c.b.l.BrowserStackRunExtension - Agent path: null
17:06:56.206 [ApplicationImpl pooled thread 223] INFO  c.b.l.BrowserStackRunExtension - testng
17:06:56.206 [ApplicationImpl pooled thread 223] INFO  com.browserstack.utils.Helpers - null
17:06:56.206 [ApplicationImpl pooled thread 223] INFO  c.b.l.BrowserStackRunExtension - Agent path: null
17:07:11.681 [ApplicationImpl pooled thread 225] INFO  c.b.l.BrowserStackRunExtension - testng
17:07:11.681 [ApplicationImpl pooled thread 225] INFO  com.browserstack.utils.Helpers - null
17:07:11.683 [ApplicationImpl pooled thread 225] INFO  c.b.l.BrowserStackRunExtension - Agent path: null
17:08:32.997 [ApplicationImpl pooled thread 225] INFO  c.b.l.BrowserStackRunExtension - testng
17:08:32.997 [ApplicationImpl pooled thread 225] INFO  com.browserstack.utils.Helpers - null
17:08:32.998 [ApplicationImpl pooled thread 225] INFO  c.b.l.BrowserStackRunExtension - Agent path: null
16:45:57.893 [AWT-EventQueue-0] INFO  c.b.actions.DisableBrowserStack - Setting disable browserstack run update
16:45:57.908 [AWT-EventQueue-0] INFO  c.b.actions.EnableBrowserStack - Setting enable browserstack run update
17:10:27.615 [ApplicationImpl pooled thread 60] INFO  c.b.l.BrowserStackRunExtension - testng
17:10:27.615 [ApplicationImpl pooled thread 60] INFO  com.browserstack.utils.Helpers - null
17:10:27.616 [ApplicationImpl pooled thread 60] INFO  c.b.l.BrowserStackRunExtension - Agent path: null
17:11:38.475 [ApplicationImpl pooled thread 54] INFO  c.b.l.BrowserStackRunExtension - testng
17:11:38.475 [ApplicationImpl pooled thread 54] INFO  com.browserstack.utils.Helpers - null
17:11:38.475 [ApplicationImpl pooled thread 54] INFO  c.b.l.BrowserStackRunExtension - Agent path: null
17:13:22.984 [ApplicationImpl pooled thread 62] INFO  c.b.l.BrowserStackRunExtension - testng
17:13:22.984 [ApplicationImpl pooled thread 62] INFO  com.browserstack.utils.Helpers - null
17:13:22.985 [ApplicationImpl pooled thread 62] INFO  c.b.l.BrowserStackRunExtension - Agent path: null
17:14:06.384 [ApplicationImpl pooled thread 63] INFO  c.b.l.BrowserStackRunExtension - testng
17:14:06.384 [ApplicationImpl pooled thread 63] INFO  com.browserstack.utils.Helpers - null
17:14:06.384 [ApplicationImpl pooled thread 63] INFO  c.b.l.BrowserStackRunExtension - Agent path: null
17:14:56.894 [ApplicationImpl pooled thread 54] INFO  c.b.l.BrowserStackRunExtension - testng
17:14:56.894 [ApplicationImpl pooled thread 54] INFO  com.browserstack.utils.Helpers - null
17:14:56.895 [ApplicationImpl pooled thread 54] INFO  c.b.l.BrowserStackRunExtension - Agent path: null
17:25:33.939 [ApplicationImpl pooled thread 54] INFO  c.b.l.BrowserStackRunExtension - testng
17:25:33.939 [ApplicationImpl pooled thread 54] INFO  com.browserstack.utils.Helpers - null
17:25:33.939 [ApplicationImpl pooled thread 54] INFO  c.b.l.BrowserStackRunExtension - Agent path: null
17:26:24.872 [ApplicationImpl pooled thread 67] INFO  c.b.l.BrowserStackRunExtension - testng
17:26:24.872 [ApplicationImpl pooled thread 67] INFO  com.browserstack.utils.Helpers - null
17:26:24.872 [ApplicationImpl pooled thread 67] INFO  c.b.l.BrowserStackRunExtension - Agent path: null
17:26:46.487 [ApplicationImpl pooled thread 54] INFO  c.b.l.BrowserStackRunExtension - testng
17:26:46.487 [ApplicationImpl pooled thread 54] INFO  com.browserstack.utils.Helpers - null
17:26:46.502 [ApplicationImpl pooled thread 54] INFO  c.b.l.BrowserStackRunExtension - Agent path: null
19:21:04.536 [ApplicationImpl pooled thread 78] INFO  c.b.l.BrowserStackRunExtension - testng
19:21:04.536 [ApplicationImpl pooled thread 78] INFO  com.browserstack.utils.Helpers - null
19:21:04.536 [ApplicationImpl pooled thread 78] INFO  c.b.l.BrowserStackRunExtension - Agent path: null
19:21:31.340 [ApplicationImpl pooled thread 78] INFO  c.b.l.BrowserStackRunExtension - testng
19:21:31.340 [ApplicationImpl pooled thread 78] INFO  com.browserstack.utils.Helpers - null
19:21:31.340 [ApplicationImpl pooled thread 78] INFO  c.b.l.BrowserStackRunExtension - Agent path: null
19:31:39.148 [ApplicationImpl pooled thread 87] INFO  c.b.l.BrowserStackRunExtension - testng
19:31:39.148 [ApplicationImpl pooled thread 87] INFO  com.browserstack.utils.Helpers - null
19:31:39.148 [ApplicationImpl pooled thread 87] INFO  c.b.l.BrowserStackRunExtension - Agent path: null
19:33:16.080 [ApplicationImpl pooled thread 88] INFO  c.b.l.BrowserStackRunExtension - testng
19:33:16.080 [ApplicationImpl pooled thread 88] INFO  com.browserstack.utils.Helpers - null
19:33:16.080 [ApplicationImpl pooled thread 88] INFO  c.b.l.BrowserStackRunExtension - Agent path: null
19:46:18.206 [ApplicationImpl pooled thread 87] INFO  c.b.l.BrowserStackRunExtension - testng
19:46:18.206 [ApplicationImpl pooled thread 87] INFO  com.browserstack.utils.Helpers - null
19:46:18.207 [ApplicationImpl pooled thread 87] INFO  c.b.l.BrowserStackRunExtension - Agent path: null
19:50:27.505 [ApplicationImpl pooled thread 103] INFO  c.b.l.BrowserStackRunExtension - testng
19:50:27.505 [ApplicationImpl pooled thread 103] INFO  com.browserstack.utils.Helpers - null
19:50:27.505 [ApplicationImpl pooled thread 103] INFO  c.b.l.BrowserStackRunExtension - Agent path: null
19:51:38.450 [ApplicationImpl pooled thread 104] INFO  c.b.l.BrowserStackRunExtension - testng
19:51:38.450 [ApplicationImpl pooled thread 104] INFO  com.browserstack.utils.Helpers - null
19:51:38.450 [ApplicationImpl pooled thread 104] INFO  c.b.l.BrowserStackRunExtension - Agent path: null
19:55:38.310 [ApplicationImpl pooled thread 105] INFO  c.b.l.BrowserStackRunExtension - testng
19:55:38.310 [ApplicationImpl pooled thread 105] INFO  com.browserstack.utils.Helpers - null
19:55:38.311 [ApplicationImpl pooled thread 105] INFO  c.b.l.BrowserStackRunExtension - Agent path: null
19:56:33.111 [ApplicationImpl pooled thread 106] INFO  c.b.l.BrowserStackRunExtension - testng
19:56:33.111 [ApplicationImpl pooled thread 106] INFO  com.browserstack.utils.Helpers - null
19:56:33.111 [ApplicationImpl pooled thread 106] INFO  c.b.l.BrowserStackRunExtension - Agent path: null
19:57:06.231 [ApplicationImpl pooled thread 103] INFO  c.b.l.BrowserStackRunExtension - testng
19:57:06.231 [ApplicationImpl pooled thread 103] INFO  com.browserstack.utils.Helpers - null
19:57:06.231 [ApplicationImpl pooled thread 103] INFO  c.b.l.BrowserStackRunExtension - Agent path: null
20:28:16.359 [ApplicationImpl pooled thread 120] INFO  c.b.l.BrowserStackRunExtension - testng
20:28:16.359 [ApplicationImpl pooled thread 120] INFO  com.browserstack.utils.Helpers - null
20:28:16.360 [ApplicationImpl pooled thread 120] INFO  c.b.l.BrowserStackRunExtension - Agent path: null
20:28:39.112 [ApplicationImpl pooled thread 122] INFO  c.b.l.BrowserStackRunExtension - testng
20:28:39.112 [ApplicationImpl pooled thread 122] INFO  com.browserstack.utils.Helpers - null
20:28:39.112 [ApplicationImpl pooled thread 122] INFO  c.b.l.BrowserStackRunExtension - Agent path: null
20:28:53.611 [ApplicationImpl pooled thread 120] INFO  c.b.l.BrowserStackRunExtension - testng
20:28:53.611 [ApplicationImpl pooled thread 120] INFO  com.browserstack.utils.Helpers - null
20:28:53.624 [ApplicationImpl pooled thread 120] INFO  c.b.l.BrowserStackRunExtension - Agent path: null
20:31:26.186 [ApplicationImpl pooled thread 103] INFO  c.b.l.BrowserStackRunExtension - testng
20:31:26.186 [ApplicationImpl pooled thread 103] INFO  com.browserstack.utils.Helpers - null
20:31:26.202 [ApplicationImpl pooled thread 103] INFO  c.b.l.BrowserStackRunExtension - Agent path: null
20:43:14.898 [ApplicationImpl pooled thread 130] INFO  c.b.l.BrowserStackRunExtension - testng
20:43:14.898 [ApplicationImpl pooled thread 130] INFO  com.browserstack.utils.Helpers - null
20:43:14.898 [ApplicationImpl pooled thread 130] INFO  c.b.l.BrowserStackRunExtension - Agent path: null
20:44:23.372 [ApplicationImpl pooled thread 132] INFO  c.b.l.BrowserStackRunExtension - testng
20:44:23.372 [ApplicationImpl pooled thread 132] INFO  com.browserstack.utils.Helpers - null
20:44:23.383 [ApplicationImpl pooled thread 132] INFO  c.b.l.BrowserStackRunExtension - Agent path: null
20:53:40.689 [ApplicationImpl pooled thread 132] INFO  c.b.l.BrowserStackRunExtension - testng
20:53:40.689 [ApplicationImpl pooled thread 132] INFO  com.browserstack.utils.Helpers - null
20:53:40.689 [ApplicationImpl pooled thread 132] INFO  c.b.l.BrowserStackRunExtension - Agent path: null
20:54:16.239 [ApplicationImpl pooled thread 129] INFO  c.b.l.BrowserStackRunExtension - testng
20:54:16.239 [ApplicationImpl pooled thread 129] INFO  com.browserstack.utils.Helpers - null
20:54:16.239 [ApplicationImpl pooled thread 129] INFO  c.b.l.BrowserStackRunExtension - Agent path: null
20:54:44.806 [ApplicationImpl pooled thread 132] INFO  c.b.l.BrowserStackRunExtension - testng
20:54:44.806 [ApplicationImpl pooled thread 132] INFO  com.browserstack.utils.Helpers - null
20:54:44.806 [ApplicationImpl pooled thread 132] INFO  c.b.l.BrowserStackRunExtension - Agent path: null
20:54:59.373 [ApplicationImpl pooled thread 132] INFO  c.b.l.BrowserStackRunExtension - testng
20:54:59.373 [ApplicationImpl pooled thread 132] INFO  com.browserstack.utils.Helpers - null
20:54:59.373 [ApplicationImpl pooled thread 132] INFO  c.b.l.BrowserStackRunExtension - Agent path: null
11:52:12.514 [ApplicationImpl pooled thread 38] INFO  c.b.l.BrowserStackRunExtension - testng
11:52:12.516 [ApplicationImpl pooled thread 38] INFO  com.browserstack.utils.Helpers - null
11:52:12.516 [ApplicationImpl pooled thread 38] INFO  c.b.l.BrowserStackRunExtension - Agent path: null
11:52:35.068 [ApplicationImpl pooled thread 40] INFO  c.b.l.BrowserStackRunExtension - testng
11:52:35.068 [ApplicationImpl pooled thread 40] INFO  com.browserstack.utils.Helpers - null
11:52:35.069 [ApplicationImpl pooled thread 40] INFO  c.b.l.BrowserStackRunExtension - Agent path: null
11:53:19.382 [ApplicationImpl pooled thread 40] INFO  c.b.l.BrowserStackRunExtension - testng
11:53:19.382 [ApplicationImpl pooled thread 40] INFO  com.browserstack.utils.Helpers - null
11:53:19.388 [ApplicationImpl pooled thread 40] INFO  c.b.l.BrowserStackRunExtension - Agent path: null
11:54:07.160 [ApplicationImpl pooled thread 40] INFO  c.b.l.BrowserStackRunExtension - testng
11:54:07.160 [ApplicationImpl pooled thread 40] INFO  com.browserstack.utils.Helpers - null
11:54:07.160 [ApplicationImpl pooled thread 40] INFO  c.b.l.BrowserStackRunExtension - Agent path: null
11:54:38.973 [ApplicationImpl pooled thread 34] INFO  c.b.l.BrowserStackRunExtension - testng
11:54:38.973 [ApplicationImpl pooled thread 34] INFO  com.browserstack.utils.Helpers - null
11:54:38.973 [ApplicationImpl pooled thread 34] INFO  c.b.l.BrowserStackRunExtension - Agent path: null
11:55:11.542 [ApplicationImpl pooled thread 34] INFO  c.b.l.BrowserStackRunExtension - testng
11:55:11.542 [ApplicationImpl pooled thread 34] INFO  com.browserstack.utils.Helpers - null
11:55:11.542 [ApplicationImpl pooled thread 34] INFO  c.b.l.BrowserStackRunExtension - Agent path: null
11:55:34.195 [ApplicationImpl pooled thread 40] INFO  c.b.l.BrowserStackRunExtension - testng
11:55:34.195 [ApplicationImpl pooled thread 40] INFO  com.browserstack.utils.Helpers - null
11:55:34.195 [ApplicationImpl pooled thread 40] INFO  c.b.l.BrowserStackRunExtension - Agent path: null
11:55:53.319 [ApplicationImpl pooled thread 40] INFO  c.b.l.BrowserStackRunExtension - testng
11:55:53.319 [ApplicationImpl pooled thread 40] INFO  com.browserstack.utils.Helpers - null
11:55:53.319 [ApplicationImpl pooled thread 40] INFO  c.b.l.BrowserStackRunExtension - Agent path: null
11:56:25.500 [ApplicationImpl pooled thread 40] INFO  c.b.l.BrowserStackRunExtension - testng
11:56:25.500 [ApplicationImpl pooled thread 40] INFO  com.browserstack.utils.Helpers - null
11:56:25.500 [ApplicationImpl pooled thread 40] INFO  c.b.l.BrowserStackRunExtension - Agent path: null
12:00:43.888 [ApplicationImpl pooled thread 44] INFO  c.b.l.BrowserStackRunExtension - testng
12:00:43.888 [ApplicationImpl pooled thread 44] INFO  com.browserstack.utils.Helpers - null
12:00:43.888 [ApplicationImpl pooled thread 44] INFO  c.b.l.BrowserStackRunExtension - Agent path: null
12:01:50.997 [ApplicationImpl pooled thread 44] INFO  c.b.l.BrowserStackRunExtension - testng
12:01:50.997 [ApplicationImpl pooled thread 44] INFO  com.browserstack.utils.Helpers - null
12:01:50.997 [ApplicationImpl pooled thread 44] INFO  c.b.l.BrowserStackRunExtension - Agent path: null
12:02:06.529 [ApplicationImpl pooled thread 48] INFO  c.b.l.BrowserStackRunExtension - testng
12:02:06.529 [ApplicationImpl pooled thread 48] INFO  com.browserstack.utils.Helpers - null
12:02:06.529 [ApplicationImpl pooled thread 48] INFO  c.b.l.BrowserStackRunExtension - Agent path: null
12:03:08.859 [ApplicationImpl pooled thread 48] INFO  c.b.l.BrowserStackRunExtension - testng
12:03:08.859 [ApplicationImpl pooled thread 48] INFO  com.browserstack.utils.Helpers - null
12:03:08.859 [ApplicationImpl pooled thread 48] INFO  c.b.l.BrowserStackRunExtension - Agent path: null
12:03:36.524 [ApplicationImpl pooled thread 44] INFO  c.b.l.BrowserStackRunExtension - testng
12:03:36.524 [ApplicationImpl pooled thread 44] INFO  com.browserstack.utils.Helpers - null
12:03:36.524 [ApplicationImpl pooled thread 44] INFO  c.b.l.BrowserStackRunExtension - Agent path: null
12:04:37.877 [ApplicationImpl pooled thread 44] INFO  c.b.l.BrowserStackRunExtension - testng
12:04:37.878 [ApplicationImpl pooled thread 44] INFO  com.browserstack.utils.Helpers - null
12:04:37.878 [ApplicationImpl pooled thread 44] INFO  c.b.l.BrowserStackRunExtension - Agent path: null
12:06:06.339 [ApplicationImpl pooled thread 48] INFO  c.b.l.BrowserStackRunExtension - testng
12:06:06.339 [ApplicationImpl pooled thread 48] INFO  com.browserstack.utils.Helpers - null
12:06:06.340 [ApplicationImpl pooled thread 48] INFO  c.b.l.BrowserStackRunExtension - Agent path: null
12:07:20.880 [ApplicationImpl pooled thread 58] INFO  c.b.l.BrowserStackRunExtension - testng
12:07:20.880 [ApplicationImpl pooled thread 58] INFO  com.browserstack.utils.Helpers - null
12:07:20.880 [ApplicationImpl pooled thread 58] INFO  c.b.l.BrowserStackRunExtension - Agent path: null
12:07:42.803 [ApplicationImpl pooled thread 58] INFO  c.b.l.BrowserStackRunExtension - testng
12:07:42.803 [ApplicationImpl pooled thread 58] INFO  com.browserstack.utils.Helpers - null
12:07:42.804 [ApplicationImpl pooled thread 58] INFO  c.b.l.BrowserStackRunExtension - Agent path: null
12:09:15.155 [ApplicationImpl pooled thread 58] INFO  c.b.l.BrowserStackRunExtension - testng
12:09:15.155 [ApplicationImpl pooled thread 58] INFO  com.browserstack.utils.Helpers - null
12:09:15.156 [ApplicationImpl pooled thread 58] INFO  c.b.l.BrowserStackRunExtension - Agent path: null
12:09:35.519 [ApplicationImpl pooled thread 59] INFO  c.b.l.BrowserStackRunExtension - testng
12:09:35.519 [ApplicationImpl pooled thread 59] INFO  com.browserstack.utils.Helpers - null
12:09:35.529 [ApplicationImpl pooled thread 59] INFO  c.b.l.BrowserStackRunExtension - Agent path: null
12:10:12.303 [ApplicationImpl pooled thread 60] INFO  c.b.l.BrowserStackRunExtension - testng
12:10:12.303 [ApplicationImpl pooled thread 60] INFO  com.browserstack.utils.Helpers - null
12:10:12.304 [ApplicationImpl pooled thread 60] INFO  c.b.l.BrowserStackRunExtension - Agent path: null
12:10:34.044 [ApplicationImpl pooled thread 48] INFO  c.b.l.BrowserStackRunExtension - testng
12:10:34.044 [ApplicationImpl pooled thread 48] INFO  com.browserstack.utils.Helpers - null
12:10:34.044 [ApplicationImpl pooled thread 48] INFO  c.b.l.BrowserStackRunExtension - Agent path: null
12:10:57.099 [ApplicationImpl pooled thread 48] INFO  c.b.l.BrowserStackRunExtension - testng
12:10:57.099 [ApplicationImpl pooled thread 48] INFO  com.browserstack.utils.Helpers - null
12:10:57.099 [ApplicationImpl pooled thread 48] INFO  c.b.l.BrowserStackRunExtension - Agent path: null
12:12:14.898 [ApplicationImpl pooled thread 60] INFO  c.b.l.BrowserStackRunExtension - testng
12:12:14.898 [ApplicationImpl pooled thread 60] INFO  com.browserstack.utils.Helpers - null
12:12:14.899 [ApplicationImpl pooled thread 60] INFO  c.b.l.BrowserStackRunExtension - Agent path: null
12:12:44.744 [ApplicationImpl pooled thread 62] INFO  c.b.l.BrowserStackRunExtension - testng
12:12:44.744 [ApplicationImpl pooled thread 62] INFO  com.browserstack.utils.Helpers - null
12:12:44.744 [ApplicationImpl pooled thread 62] INFO  c.b.l.BrowserStackRunExtension - Agent path: null
12:13:57.319 [ApplicationImpl pooled thread 60] INFO  c.b.l.BrowserStackRunExtension - testng
12:13:57.319 [ApplicationImpl pooled thread 60] INFO  com.browserstack.utils.Helpers - null
12:13:57.324 [ApplicationImpl pooled thread 60] INFO  c.b.l.BrowserStackRunExtension - Agent path: null
12:14:15.013 [ApplicationImpl pooled thread 62] INFO  c.b.l.BrowserStackRunExtension - testng
12:14:15.013 [ApplicationImpl pooled thread 62] INFO  com.browserstack.utils.Helpers - null
12:14:15.014 [ApplicationImpl pooled thread 62] INFO  c.b.l.BrowserStackRunExtension - Agent path: null
12:14:49.696 [ApplicationImpl pooled thread 65] INFO  c.b.l.BrowserStackRunExtension - testng
12:14:49.696 [ApplicationImpl pooled thread 65] INFO  com.browserstack.utils.Helpers - null
12:14:49.696 [ApplicationImpl pooled thread 65] INFO  c.b.l.BrowserStackRunExtension - Agent path: null
12:15:05.508 [ApplicationImpl pooled thread 65] INFO  c.b.l.BrowserStackRunExtension - testng
12:15:05.508 [ApplicationImpl pooled thread 65] INFO  com.browserstack.utils.Helpers - null
12:15:05.508 [ApplicationImpl pooled thread 65] INFO  c.b.l.BrowserStackRunExtension - Agent path: null
12:17:15.159 [ApplicationImpl pooled thread 69] INFO  c.b.l.BrowserStackRunExtension - testng
12:17:15.159 [ApplicationImpl pooled thread 69] INFO  com.browserstack.utils.Helpers - null
12:17:15.160 [ApplicationImpl pooled thread 69] INFO  c.b.l.BrowserStackRunExtension - Agent path: null
12:25:04.986 [ApplicationImpl pooled thread 74] INFO  c.b.l.BrowserStackRunExtension - testng
12:25:04.986 [ApplicationImpl pooled thread 74] INFO  com.browserstack.utils.Helpers - null
12:25:04.986 [ApplicationImpl pooled thread 74] INFO  c.b.l.BrowserStackRunExtension - Agent path: null
13:44:51.218 [ApplicationImpl pooled thread 76] INFO  c.b.l.BrowserStackRunExtension - testng
13:44:51.218 [ApplicationImpl pooled thread 76] INFO  com.browserstack.utils.Helpers - null
13:44:51.218 [ApplicationImpl pooled thread 76] INFO  c.b.l.BrowserStackRunExtension - Agent path: null
13:47:13.090 [ApplicationImpl pooled thread 77] INFO  c.b.l.BrowserStackRunExtension - testng
13:47:13.091 [ApplicationImpl pooled thread 77] INFO  com.browserstack.utils.Helpers - null
13:47:13.102 [ApplicationImpl pooled thread 77] INFO  c.b.l.BrowserStackRunExtension - Agent path: null
13:48:35.513 [ApplicationImpl pooled thread 87] INFO  c.b.l.BrowserStackRunExtension - testng
13:48:35.513 [ApplicationImpl pooled thread 87] INFO  com.browserstack.utils.Helpers - null
13:48:35.515 [ApplicationImpl pooled thread 87] INFO  c.b.l.BrowserStackRunExtension - Agent path: null
13:49:25.051 [ApplicationImpl pooled thread 92] INFO  c.b.l.BrowserStackRunExtension - testng
13:49:25.051 [ApplicationImpl pooled thread 92] INFO  com.browserstack.utils.Helpers - null
13:49:25.067 [ApplicationImpl pooled thread 92] INFO  c.b.l.BrowserStackRunExtension - Agent path: null
13:49:45.123 [ApplicationImpl pooled thread 90] INFO  c.b.l.BrowserStackRunExtension - testng
13:49:45.123 [ApplicationImpl pooled thread 90] INFO  com.browserstack.utils.Helpers - null
13:49:45.138 [ApplicationImpl pooled thread 90] INFO  c.b.l.BrowserStackRunExtension - Agent path: null
13:49:58.816 [ApplicationImpl pooled thread 92] INFO  c.b.l.BrowserStackRunExtension - testng
13:49:58.816 [ApplicationImpl pooled thread 92] INFO  com.browserstack.utils.Helpers - null
13:49:58.816 [ApplicationImpl pooled thread 92] INFO  c.b.l.BrowserStackRunExtension - Agent path: null
13:50:34.286 [ApplicationImpl pooled thread 87] INFO  c.b.l.BrowserStackRunExtension - testng
13:50:34.286 [ApplicationImpl pooled thread 87] INFO  com.browserstack.utils.Helpers - null
13:50:34.286 [ApplicationImpl pooled thread 87] INFO  c.b.l.BrowserStackRunExtension - Agent path: null
13:50:54.909 [ApplicationImpl pooled thread 89] INFO  c.b.l.BrowserStackRunExtension - testng
13:50:54.909 [ApplicationImpl pooled thread 89] INFO  com.browserstack.utils.Helpers - null
13:50:54.916 [ApplicationImpl pooled thread 89] INFO  c.b.l.BrowserStackRunExtension - Agent path: null
13:51:10.173 [ApplicationImpl pooled thread 89] INFO  c.b.l.BrowserStackRunExtension - testng
13:51:10.173 [ApplicationImpl pooled thread 89] INFO  com.browserstack.utils.Helpers - null
13:51:10.189 [ApplicationImpl pooled thread 89] INFO  c.b.l.BrowserStackRunExtension - Agent path: null
13:51:28.401 [ApplicationImpl pooled thread 88] INFO  c.b.l.BrowserStackRunExtension - testng
13:51:28.401 [ApplicationImpl pooled thread 88] INFO  com.browserstack.utils.Helpers - null
13:51:28.401 [ApplicationImpl pooled thread 88] INFO  c.b.l.BrowserStackRunExtension - Agent path: null
13:51:59.232 [ApplicationImpl pooled thread 88] INFO  c.b.l.BrowserStackRunExtension - testng
13:51:59.232 [ApplicationImpl pooled thread 88] INFO  com.browserstack.utils.Helpers - null
13:51:59.232 [ApplicationImpl pooled thread 88] INFO  c.b.l.BrowserStackRunExtension - Agent path: null
13:53:05.592 [ApplicationImpl pooled thread 88] INFO  c.b.l.BrowserStackRunExtension - testng
13:53:05.592 [ApplicationImpl pooled thread 88] INFO  com.browserstack.utils.Helpers - null
13:53:05.593 [ApplicationImpl pooled thread 88] INFO  c.b.l.BrowserStackRunExtension - Agent path: null
14:42:48.642 [ApplicationImpl pooled thread 108] INFO  c.b.l.BrowserStackRunExtension - testng
14:42:48.642 [ApplicationImpl pooled thread 108] INFO  com.browserstack.utils.Helpers - null
14:42:48.642 [ApplicationImpl pooled thread 108] INFO  c.b.l.BrowserStackRunExtension - Agent path: null
14:43:44.918 [ApplicationImpl pooled thread 108] INFO  c.b.l.BrowserStackRunExtension - testng
14:43:44.918 [ApplicationImpl pooled thread 108] INFO  com.browserstack.utils.Helpers - null
14:43:44.933 [ApplicationImpl pooled thread 108] INFO  c.b.l.BrowserStackRunExtension - Agent path: null
14:43:57.979 [ApplicationImpl pooled thread 113] INFO  c.b.l.BrowserStackRunExtension - testng
14:43:57.979 [ApplicationImpl pooled thread 113] INFO  com.browserstack.utils.Helpers - null
14:43:57.979 [ApplicationImpl pooled thread 113] INFO  c.b.l.BrowserStackRunExtension - Agent path: null
14:45:56.649 [ApplicationImpl pooled thread 108] INFO  c.b.l.BrowserStackRunExtension - testng
14:45:56.649 [ApplicationImpl pooled thread 108] INFO  com.browserstack.utils.Helpers - null
14:45:56.649 [ApplicationImpl pooled thread 108] INFO  c.b.l.BrowserStackRunExtension - Agent path: null
14:53:34.001 [ApplicationImpl pooled thread 108] INFO  c.b.l.BrowserStackRunExtension - testng
14:53:34.001 [ApplicationImpl pooled thread 108] INFO  com.browserstack.utils.Helpers - null
14:53:34.010 [ApplicationImpl pooled thread 108] INFO  c.b.l.BrowserStackRunExtension - Agent path: null
14:53:49.667 [ApplicationImpl pooled thread 120] INFO  c.b.l.BrowserStackRunExtension - testng
14:53:49.667 [ApplicationImpl pooled thread 120] INFO  com.browserstack.utils.Helpers - null
14:53:49.667 [ApplicationImpl pooled thread 120] INFO  c.b.l.BrowserStackRunExtension - Agent path: null
15:04:54.393 [ApplicationImpl pooled thread 123] INFO  c.b.l.BrowserStackRunExtension - testng
15:04:54.393 [ApplicationImpl pooled thread 123] INFO  com.browserstack.utils.Helpers - null
15:04:54.399 [ApplicationImpl pooled thread 123] INFO  c.b.l.BrowserStackRunExtension - Agent path: null
15:15:19.123 [ApplicationImpl pooled thread 130] INFO  c.b.l.BrowserStackRunExtension - testng
15:15:19.124 [ApplicationImpl pooled thread 130] INFO  com.browserstack.utils.Helpers - null
15:15:19.135 [ApplicationImpl pooled thread 130] INFO  c.b.l.BrowserStackRunExtension - Agent path: null
15:15:42.410 [ApplicationImpl pooled thread 129] INFO  c.b.l.BrowserStackRunExtension - testng
15:15:42.410 [ApplicationImpl pooled thread 129] INFO  com.browserstack.utils.Helpers - null
15:15:42.411 [ApplicationImpl pooled thread 129] INFO  c.b.l.BrowserStackRunExtension - Agent path: null
15:16:18.653 [ApplicationImpl pooled thread 131] INFO  c.b.l.BrowserStackRunExtension - testng
15:16:18.653 [ApplicationImpl pooled thread 131] INFO  com.browserstack.utils.Helpers - null
15:16:18.669 [ApplicationImpl pooled thread 131] INFO  c.b.l.BrowserStackRunExtension - Agent path: null
15:17:18.133 [ApplicationImpl pooled thread 127] INFO  c.b.l.BrowserStackRunExtension - testng
15:17:18.133 [ApplicationImpl pooled thread 127] INFO  com.browserstack.utils.Helpers - null
15:17:18.143 [ApplicationImpl pooled thread 127] INFO  c.b.l.BrowserStackRunExtension - Agent path: null
15:17:42.310 [ApplicationImpl pooled thread 128] INFO  c.b.l.BrowserStackRunExtension - testng
15:17:42.310 [ApplicationImpl pooled thread 128] INFO  com.browserstack.utils.Helpers - null
15:17:42.310 [ApplicationImpl pooled thread 128] INFO  c.b.l.BrowserStackRunExtension - Agent path: null
15:17:59.164 [ApplicationImpl pooled thread 127] INFO  c.b.l.BrowserStackRunExtension - testng
15:17:59.164 [ApplicationImpl pooled thread 127] INFO  com.browserstack.utils.Helpers - null
15:17:59.177 [ApplicationImpl pooled thread 127] INFO  c.b.l.BrowserStackRunExtension - Agent path: null
11:42:20.931 [ApplicationImpl pooled thread 35] INFO  c.b.l.BrowserStackRunExtension - testng
11:42:20.931 [ApplicationImpl pooled thread 35] INFO  com.browserstack.utils.Helpers - null
11:42:20.931 [ApplicationImpl pooled thread 35] INFO  c.b.l.BrowserStackRunExtension - Agent path: null
11:43:29.692 [ApplicationImpl pooled thread 35] INFO  c.b.l.BrowserStackRunExtension - testng
11:43:29.692 [ApplicationImpl pooled thread 35] INFO  com.browserstack.utils.Helpers - null
11:43:29.692 [ApplicationImpl pooled thread 35] INFO  c.b.l.BrowserStackRunExtension - Agent path: null
11:53:28.056 [ApplicationImpl pooled thread 41] INFO  c.b.l.BrowserStackRunExtension - testng
11:53:28.056 [ApplicationImpl pooled thread 41] INFO  com.browserstack.utils.Helpers - null
11:53:28.056 [ApplicationImpl pooled thread 41] INFO  c.b.l.BrowserStackRunExtension - Agent path: null
11:54:02.893 [ApplicationImpl pooled thread 24] INFO  c.b.l.BrowserStackRunExtension - testng
11:54:02.893 [ApplicationImpl pooled thread 24] INFO  com.browserstack.utils.Helpers - null
11:54:02.893 [ApplicationImpl pooled thread 24] INFO  c.b.l.BrowserStackRunExtension - Agent path: null
11:56:00.818 [ApplicationImpl pooled thread 41] INFO  c.b.l.BrowserStackRunExtension - testng
11:56:00.818 [ApplicationImpl pooled thread 41] INFO  com.browserstack.utils.Helpers - null
11:56:00.818 [ApplicationImpl pooled thread 41] INFO  c.b.l.BrowserStackRunExtension - Agent path: null
11:56:30.770 [ApplicationImpl pooled thread 44] INFO  c.b.l.BrowserStackRunExtension - testng
11:56:30.770 [ApplicationImpl pooled thread 44] INFO  com.browserstack.utils.Helpers - null
11:56:30.771 [ApplicationImpl pooled thread 44] INFO  c.b.l.BrowserStackRunExtension - Agent path: null
11:58:47.969 [ApplicationImpl pooled thread 44] INFO  c.b.l.BrowserStackRunExtension - testng
11:58:47.969 [ApplicationImpl pooled thread 44] INFO  com.browserstack.utils.Helpers - null
11:58:47.969 [ApplicationImpl pooled thread 44] INFO  c.b.l.BrowserStackRunExtension - Agent path: null
12:02:21.431 [ApplicationImpl pooled thread 44] INFO  c.b.l.BrowserStackRunExtension - testng
12:02:21.431 [ApplicationImpl pooled thread 44] INFO  com.browserstack.utils.Helpers - null
12:02:21.431 [ApplicationImpl pooled thread 44] INFO  c.b.l.BrowserStackRunExtension - Agent path: null
12:03:10.017 [ApplicationImpl pooled thread 44] INFO  c.b.l.BrowserStackRunExtension - testng
12:03:10.017 [ApplicationImpl pooled thread 44] INFO  com.browserstack.utils.Helpers - null
12:03:10.017 [ApplicationImpl pooled thread 44] INFO  c.b.l.BrowserStackRunExtension - Agent path: null
12:03:32.395 [ApplicationImpl pooled thread 50] INFO  c.b.l.BrowserStackRunExtension - testng
12:03:32.395 [ApplicationImpl pooled thread 50] INFO  com.browserstack.utils.Helpers - null
12:03:32.411 [ApplicationImpl pooled thread 50] INFO  c.b.l.BrowserStackRunExtension - Agent path: null
12:04:06.127 [ApplicationImpl pooled thread 54] INFO  c.b.l.BrowserStackRunExtension - testng
12:04:06.128 [ApplicationImpl pooled thread 54] INFO  com.browserstack.utils.Helpers - null
12:04:06.138 [ApplicationImpl pooled thread 54] INFO  c.b.l.BrowserStackRunExtension - Agent path: null
12:05:35.682 [ApplicationImpl pooled thread 52] INFO  c.b.l.BrowserStackRunExtension - testng
12:05:35.682 [ApplicationImpl pooled thread 52] INFO  com.browserstack.utils.Helpers - null
12:05:35.682 [ApplicationImpl pooled thread 52] INFO  c.b.l.BrowserStackRunExtension - Agent path: null
12:05:54.905 [ApplicationImpl pooled thread 57] INFO  c.b.l.BrowserStackRunExtension - testng
12:05:54.905 [ApplicationImpl pooled thread 57] INFO  com.browserstack.utils.Helpers - null
12:05:54.905 [ApplicationImpl pooled thread 57] INFO  c.b.l.BrowserStackRunExtension - Agent path: null
12:06:35.633 [ApplicationImpl pooled thread 57] INFO  c.b.l.BrowserStackRunExtension - testng
12:06:35.633 [ApplicationImpl pooled thread 57] INFO  com.browserstack.utils.Helpers - null
12:06:35.633 [ApplicationImpl pooled thread 57] INFO  c.b.l.BrowserStackRunExtension - Agent path: null
12:07:28.078 [ApplicationImpl pooled thread 57] INFO  c.b.l.BrowserStackRunExtension - testng
12:07:28.078 [ApplicationImpl pooled thread 57] INFO  com.browserstack.utils.Helpers - null
12:07:28.094 [ApplicationImpl pooled thread 57] INFO  c.b.l.BrowserStackRunExtension - Agent path: null
12:21:59.333 [ApplicationImpl pooled thread 62] INFO  c.b.l.BrowserStackRunExtension - testng
12:21:59.333 [ApplicationImpl pooled thread 62] INFO  com.browserstack.utils.Helpers - null
12:21:59.333 [ApplicationImpl pooled thread 62] INFO  c.b.l.BrowserStackRunExtension - Agent path: null
12:22:35.231 [ApplicationImpl pooled thread 62] INFO  c.b.l.BrowserStackRunExtension - testng
12:22:35.231 [ApplicationImpl pooled thread 62] INFO  com.browserstack.utils.Helpers - null
12:22:35.246 [ApplicationImpl pooled thread 62] INFO  c.b.l.BrowserStackRunExtension - Agent path: null
12:24:04.984 [ApplicationImpl pooled thread 62] INFO  c.b.l.BrowserStackRunExtension - testng
12:24:04.984 [ApplicationImpl pooled thread 62] INFO  com.browserstack.utils.Helpers - null
12:24:05.000 [ApplicationImpl pooled thread 62] INFO  c.b.l.BrowserStackRunExtension - Agent path: null
13:33:18.807 [ApplicationImpl pooled thread 71] INFO  c.b.l.BrowserStackRunExtension - testng
13:33:18.807 [ApplicationImpl pooled thread 71] INFO  com.browserstack.utils.Helpers - null
13:33:18.807 [ApplicationImpl pooled thread 71] INFO  c.b.l.BrowserStackRunExtension - Agent path: null
14:28:49.874 [ApplicationImpl pooled thread 93] INFO  c.b.l.BrowserStackRunExtension - testng
14:28:49.874 [ApplicationImpl pooled thread 93] INFO  com.browserstack.utils.Helpers - null
14:28:49.874 [ApplicationImpl pooled thread 93] INFO  c.b.l.BrowserStackRunExtension - Agent path: null
14:29:12.116 [ApplicationImpl pooled thread 99] INFO  c.b.l.BrowserStackRunExtension - testng
14:29:12.116 [ApplicationImpl pooled thread 99] INFO  com.browserstack.utils.Helpers - null
14:29:12.116 [ApplicationImpl pooled thread 99] INFO  c.b.l.BrowserStackRunExtension - Agent path: null
14:32:54.766 [ApplicationImpl pooled thread 99] INFO  c.b.l.BrowserStackRunExtension - testng
14:32:54.766 [ApplicationImpl pooled thread 99] INFO  com.browserstack.utils.Helpers - null
14:32:54.766 [ApplicationImpl pooled thread 99] INFO  c.b.l.BrowserStackRunExtension - Agent path: null
14:33:44.652 [ApplicationImpl pooled thread 100] INFO  c.b.l.BrowserStackRunExtension - testng
14:33:44.652 [ApplicationImpl pooled thread 100] INFO  com.browserstack.utils.Helpers - null
14:33:44.652 [ApplicationImpl pooled thread 100] INFO  c.b.l.BrowserStackRunExtension - Agent path: null
14:34:26.339 [ApplicationImpl pooled thread 93] INFO  c.b.l.BrowserStackRunExtension - testng
14:34:26.339 [ApplicationImpl pooled thread 93] INFO  com.browserstack.utils.Helpers - null
14:34:26.340 [ApplicationImpl pooled thread 93] INFO  c.b.l.BrowserStackRunExtension - Agent path: null
14:36:11.352 [ApplicationImpl pooled thread 101] INFO  c.b.l.BrowserStackRunExtension - testng
14:36:11.352 [ApplicationImpl pooled thread 101] INFO  com.browserstack.utils.Helpers - null
14:36:11.368 [ApplicationImpl pooled thread 101] INFO  c.b.l.BrowserStackRunExtension - Agent path: null
14:40:50.854 [ApplicationImpl pooled thread 102] INFO  c.b.l.BrowserStackRunExtension - testng
14:40:50.854 [ApplicationImpl pooled thread 102] INFO  com.browserstack.utils.Helpers - null
14:40:50.854 [ApplicationImpl pooled thread 102] INFO  c.b.l.BrowserStackRunExtension - Agent path: null
14:41:07.175 [ApplicationImpl pooled thread 102] INFO  c.b.l.BrowserStackRunExtension - testng
14:41:07.175 [ApplicationImpl pooled thread 102] INFO  com.browserstack.utils.Helpers - null
14:41:07.191 [ApplicationImpl pooled thread 102] INFO  c.b.l.BrowserStackRunExtension - Agent path: null
14:41:24.087 [ApplicationImpl pooled thread 99] INFO  c.b.l.BrowserStackRunExtension - testng
14:41:24.087 [ApplicationImpl pooled thread 99] INFO  com.browserstack.utils.Helpers - null
14:41:24.088 [ApplicationImpl pooled thread 99] INFO  c.b.l.BrowserStackRunExtension - Agent path: null
14:45:04.139 [ApplicationImpl pooled thread 99] INFO  c.b.l.BrowserStackRunExtension - testng
14:45:04.139 [ApplicationImpl pooled thread 99] INFO  com.browserstack.utils.Helpers - null
14:45:04.139 [ApplicationImpl pooled thread 99] INFO  c.b.l.BrowserStackRunExtension - Agent path: null
15:26:27.290 [ApplicationImpl pooled thread 117] INFO  c.b.l.BrowserStackRunExtension - testng
15:26:27.290 [ApplicationImpl pooled thread 117] INFO  com.browserstack.utils.Helpers - null
15:26:27.291 [ApplicationImpl pooled thread 117] INFO  c.b.l.BrowserStackRunExtension - Agent path: null
15:27:31.063 [ApplicationImpl pooled thread 122] INFO  c.b.l.BrowserStackRunExtension - testng
15:27:31.063 [ApplicationImpl pooled thread 122] INFO  com.browserstack.utils.Helpers - null
15:27:31.063 [ApplicationImpl pooled thread 122] INFO  c.b.l.BrowserStackRunExtension - Agent path: null
15:52:51.209 [ApplicationImpl pooled thread 127] INFO  c.b.l.BrowserStackRunExtension - testng
15:52:51.209 [ApplicationImpl pooled thread 127] INFO  com.browserstack.utils.Helpers - null
15:52:51.210 [ApplicationImpl pooled thread 127] INFO  c.b.l.BrowserStackRunExtension - Agent path: null
16:07:38.901 [ApplicationImpl pooled thread 138] INFO  c.b.l.BrowserStackRunExtension - testng
16:07:38.901 [ApplicationImpl pooled thread 138] INFO  com.browserstack.utils.Helpers - null
16:07:38.901 [ApplicationImpl pooled thread 138] INFO  c.b.l.BrowserStackRunExtension - Agent path: null
16:08:00.625 [ApplicationImpl pooled thread 136] INFO  c.b.l.BrowserStackRunExtension - testng
16:08:00.625 [ApplicationImpl pooled thread 136] INFO  com.browserstack.utils.Helpers - null
16:08:00.625 [ApplicationImpl pooled thread 136] INFO  c.b.l.BrowserStackRunExtension - Agent path: null
16:09:03.946 [ApplicationImpl pooled thread 140] INFO  c.b.l.BrowserStackRunExtension - testng
16:09:03.946 [ApplicationImpl pooled thread 140] INFO  com.browserstack.utils.Helpers - null
16:09:03.961 [ApplicationImpl pooled thread 140] INFO  c.b.l.BrowserStackRunExtension - Agent path: null
16:22:48.883 [ApplicationImpl pooled thread 142] INFO  c.b.l.BrowserStackRunExtension - testng
16:22:48.883 [ApplicationImpl pooled thread 142] INFO  com.browserstack.utils.Helpers - null
16:22:48.884 [ApplicationImpl pooled thread 142] INFO  c.b.l.BrowserStackRunExtension - Agent path: null
16:24:23.388 [ApplicationImpl pooled thread 142] INFO  c.b.l.BrowserStackRunExtension - testng
16:24:23.388 [ApplicationImpl pooled thread 142] INFO  com.browserstack.utils.Helpers - null
16:24:23.388 [ApplicationImpl pooled thread 142] INFO  c.b.l.BrowserStackRunExtension - Agent path: null
16:28:54.293 [ApplicationImpl pooled thread 146] INFO  c.b.l.BrowserStackRunExtension - testng
16:28:54.293 [ApplicationImpl pooled thread 146] INFO  com.browserstack.utils.Helpers - null
16:28:54.304 [ApplicationImpl pooled thread 146] INFO  c.b.l.BrowserStackRunExtension - Agent path: null
16:37:50.911 [ApplicationImpl pooled thread 146] INFO  c.b.l.BrowserStackRunExtension - testng
16:37:50.911 [ApplicationImpl pooled thread 146] INFO  com.browserstack.utils.Helpers - null
16:37:50.911 [ApplicationImpl pooled thread 146] INFO  c.b.l.BrowserStackRunExtension - Agent path: null
16:38:18.243 [ApplicationImpl pooled thread 149] INFO  c.b.l.BrowserStackRunExtension - testng
16:38:18.243 [ApplicationImpl pooled thread 149] INFO  com.browserstack.utils.Helpers - null
16:38:18.243 [ApplicationImpl pooled thread 149] INFO  c.b.l.BrowserStackRunExtension - Agent path: null
16:40:31.647 [ApplicationImpl pooled thread 146] INFO  c.b.l.BrowserStackRunExtension - testng
16:40:31.647 [ApplicationImpl pooled thread 146] INFO  com.browserstack.utils.Helpers - null
16:40:31.662 [ApplicationImpl pooled thread 146] INFO  c.b.l.BrowserStackRunExtension - Agent path: null
16:49:05.158 [ApplicationImpl pooled thread 156] INFO  c.b.l.BrowserStackRunExtension - testng
16:49:05.158 [ApplicationImpl pooled thread 156] INFO  com.browserstack.utils.Helpers - null
16:49:05.158 [ApplicationImpl pooled thread 156] INFO  c.b.l.BrowserStackRunExtension - Agent path: null
16:50:04.378 [ApplicationImpl pooled thread 156] INFO  c.b.l.BrowserStackRunExtension - testng
16:50:04.378 [ApplicationImpl pooled thread 156] INFO  com.browserstack.utils.Helpers - null
16:50:04.394 [ApplicationImpl pooled thread 156] INFO  c.b.l.BrowserStackRunExtension - Agent path: null
16:50:32.287 [ApplicationImpl pooled thread 146] INFO  c.b.l.BrowserStackRunExtension - testng
16:50:32.287 [ApplicationImpl pooled thread 146] INFO  com.browserstack.utils.Helpers - null
16:50:32.303 [ApplicationImpl pooled thread 146] INFO  c.b.l.BrowserStackRunExtension - Agent path: null
16:51:02.122 [ApplicationImpl pooled thread 157] INFO  c.b.l.BrowserStackRunExtension - testng
16:51:02.122 [ApplicationImpl pooled thread 157] INFO  com.browserstack.utils.Helpers - null
16:51:02.137 [ApplicationImpl pooled thread 157] INFO  c.b.l.BrowserStackRunExtension - Agent path: null
16:51:39.489 [ApplicationImpl pooled thread 159] INFO  c.b.l.BrowserStackRunExtension - testng
16:51:39.489 [ApplicationImpl pooled thread 159] INFO  com.browserstack.utils.Helpers - null
16:51:39.489 [ApplicationImpl pooled thread 159] INFO  c.b.l.BrowserStackRunExtension - Agent path: null
16:59:31.007 [ApplicationImpl pooled thread 162] INFO  c.b.l.BrowserStackRunExtension - testng
16:59:31.007 [ApplicationImpl pooled thread 162] INFO  com.browserstack.utils.Helpers - null
16:59:31.007 [ApplicationImpl pooled thread 162] INFO  c.b.l.BrowserStackRunExtension - Agent path: null
11:42:29.157 [ApplicationImpl pooled thread 233] INFO  c.b.l.BrowserStackRunExtension - testng
11:42:29.157 [ApplicationImpl pooled thread 233] INFO  com.browserstack.utils.Helpers - null
11:42:29.157 [ApplicationImpl pooled thread 233] INFO  c.b.l.BrowserStackRunExtension - Agent path: null
11:44:26.468 [ApplicationImpl pooled thread 235] INFO  c.b.l.BrowserStackRunExtension - testng
11:44:26.468 [ApplicationImpl pooled thread 235] INFO  com.browserstack.utils.Helpers - null
11:44:26.468 [ApplicationImpl pooled thread 235] INFO  c.b.l.BrowserStackRunExtension - Agent path: null
11:44:52.552 [ApplicationImpl pooled thread 233] INFO  c.b.l.BrowserStackRunExtension - testng
11:44:52.552 [ApplicationImpl pooled thread 233] INFO  com.browserstack.utils.Helpers - null
11:44:52.559 [ApplicationImpl pooled thread 233] INFO  c.b.l.BrowserStackRunExtension - Agent path: null
13:12:51.703 [ApplicationImpl pooled thread 250] INFO  c.b.l.BrowserStackRunExtension - testng
13:12:51.703 [ApplicationImpl pooled thread 250] INFO  com.browserstack.utils.Helpers - null
13:12:51.704 [ApplicationImpl pooled thread 250] INFO  c.b.l.BrowserStackRunExtension - Agent path: null
13:13:25.215 [ApplicationImpl pooled thread 250] INFO  c.b.l.BrowserStackRunExtension - testng
13:13:25.215 [ApplicationImpl pooled thread 250] INFO  com.browserstack.utils.Helpers - null
13:13:25.215 [ApplicationImpl pooled thread 250] INFO  c.b.l.BrowserStackRunExtension - Agent path: null
13:15:45.008 [ApplicationImpl pooled thread 261] INFO  c.b.l.BrowserStackRunExtension - testng
13:15:45.008 [ApplicationImpl pooled thread 261] INFO  com.browserstack.utils.Helpers - null
13:15:45.024 [ApplicationImpl pooled thread 261] INFO  c.b.l.BrowserStackRunExtension - Agent path: null
13:18:53.614 [ApplicationImpl pooled thread 265] INFO  c.b.l.BrowserStackRunExtension - testng
13:18:53.614 [ApplicationImpl pooled thread 265] INFO  com.browserstack.utils.Helpers - null
13:18:53.614 [ApplicationImpl pooled thread 265] INFO  c.b.l.BrowserStackRunExtension - Agent path: null
13:20:04.755 [ApplicationImpl pooled thread 270] INFO  c.b.l.BrowserStackRunExtension - testng
13:20:04.755 [ApplicationImpl pooled thread 270] INFO  com.browserstack.utils.Helpers - null
13:20:04.756 [ApplicationImpl pooled thread 270] INFO  c.b.l.BrowserStackRunExtension - Agent path: null
13:20:29.983 [ApplicationImpl pooled thread 260] INFO  c.b.l.BrowserStackRunExtension - testng
13:20:29.983 [ApplicationImpl pooled thread 260] INFO  com.browserstack.utils.Helpers - null
13:20:29.998 [ApplicationImpl pooled thread 260] INFO  c.b.l.BrowserStackRunExtension - Agent path: null
13:21:51.763 [ApplicationImpl pooled thread 271] INFO  c.b.l.BrowserStackRunExtension - testng
13:21:51.763 [ApplicationImpl pooled thread 271] INFO  com.browserstack.utils.Helpers - null
13:21:51.777 [ApplicationImpl pooled thread 271] INFO  c.b.l.BrowserStackRunExtension - Agent path: null
13:22:25.129 [ApplicationImpl pooled thread 273] INFO  c.b.l.BrowserStackRunExtension - testng
13:22:25.129 [ApplicationImpl pooled thread 273] INFO  com.browserstack.utils.Helpers - null
13:22:25.129 [ApplicationImpl pooled thread 273] INFO  c.b.l.BrowserStackRunExtension - Agent path: null
13:48:50.679 [ApplicationImpl pooled thread 282] INFO  c.b.l.BrowserStackRunExtension - testng
13:48:50.679 [ApplicationImpl pooled thread 282] INFO  com.browserstack.utils.Helpers - null
13:48:50.679 [ApplicationImpl pooled thread 282] INFO  c.b.l.BrowserStackRunExtension - Agent path: null
13:50:14.787 [ApplicationImpl pooled thread 286] INFO  c.b.l.BrowserStackRunExtension - testng
13:50:14.787 [ApplicationImpl pooled thread 286] INFO  com.browserstack.utils.Helpers - null
13:50:14.800 [ApplicationImpl pooled thread 286] INFO  c.b.l.BrowserStackRunExtension - Agent path: null
13:50:43.882 [ApplicationImpl pooled thread 282] INFO  c.b.l.BrowserStackRunExtension - testng
13:50:43.882 [ApplicationImpl pooled thread 282] INFO  com.browserstack.utils.Helpers - null
13:50:43.882 [ApplicationImpl pooled thread 282] INFO  c.b.l.BrowserStackRunExtension - Agent path: null
13:51:58.355 [ApplicationImpl pooled thread 286] INFO  c.b.l.BrowserStackRunExtension - testng
13:51:58.355 [ApplicationImpl pooled thread 286] INFO  com.browserstack.utils.Helpers - null
13:51:58.355 [ApplicationImpl pooled thread 286] INFO  c.b.l.BrowserStackRunExtension - Agent path: null
13:52:18.945 [ApplicationImpl pooled thread 290] INFO  c.b.l.BrowserStackRunExtension - testng
13:52:18.945 [ApplicationImpl pooled thread 290] INFO  com.browserstack.utils.Helpers - null
13:52:18.946 [ApplicationImpl pooled thread 290] INFO  c.b.l.BrowserStackRunExtension - Agent path: null
14:44:48.961 [ApplicationImpl pooled thread 306] INFO  c.b.l.BrowserStackRunExtension - testng
14:44:48.961 [ApplicationImpl pooled thread 306] INFO  com.browserstack.utils.Helpers - null
14:44:48.962 [ApplicationImpl pooled thread 306] INFO  c.b.l.BrowserStackRunExtension - Agent path: null
15:05:47.220 [ApplicationImpl pooled thread 312] INFO  c.b.l.BrowserStackRunExtension - testng
15:05:47.220 [ApplicationImpl pooled thread 312] INFO  com.browserstack.utils.Helpers - null
15:05:47.221 [ApplicationImpl pooled thread 312] INFO  c.b.l.BrowserStackRunExtension - Agent path: null
12:04:23.465 [ApplicationImpl pooled thread 7] INFO  c.b.l.BrowserStackRunExtension - testng
12:04:23.465 [ApplicationImpl pooled thread 7] INFO  com.browserstack.utils.Helpers - null
12:04:23.465 [ApplicationImpl pooled thread 7] INFO  c.b.l.BrowserStackRunExtension - Agent path: null
12:04:49.428 [ApplicationImpl pooled thread 8] INFO  c.b.l.BrowserStackRunExtension - testng
12:04:49.428 [ApplicationImpl pooled thread 8] INFO  com.browserstack.utils.Helpers - null
12:04:49.428 [ApplicationImpl pooled thread 8] INFO  c.b.l.BrowserStackRunExtension - Agent path: null
12:07:57.860 [ApplicationImpl pooled thread 6] INFO  c.b.l.BrowserStackRunExtension - testng
12:07:57.860 [ApplicationImpl pooled thread 6] INFO  com.browserstack.utils.Helpers - null
12:07:57.860 [ApplicationImpl pooled thread 6] INFO  c.b.l.BrowserStackRunExtension - Agent path: null
12:09:16.807 [ApplicationImpl pooled thread 12] INFO  c.b.l.BrowserStackRunExtension - testng
12:09:16.807 [ApplicationImpl pooled thread 12] INFO  com.browserstack.utils.Helpers - null
12:09:16.807 [ApplicationImpl pooled thread 12] INFO  c.b.l.BrowserStackRunExtension - Agent path: null
12:19:17.025 [ApplicationImpl pooled thread 14] INFO  c.b.l.BrowserStackRunExtension - testng
12:19:17.025 [ApplicationImpl pooled thread 14] INFO  com.browserstack.utils.Helpers - null
12:19:17.026 [ApplicationImpl pooled thread 14] INFO  c.b.l.BrowserStackRunExtension - Agent path: null
12:19:32.689 [ApplicationImpl pooled thread 15] INFO  c.b.l.BrowserStackRunExtension - testng
12:19:32.689 [ApplicationImpl pooled thread 15] INFO  com.browserstack.utils.Helpers - null
12:19:32.689 [ApplicationImpl pooled thread 15] INFO  c.b.l.BrowserStackRunExtension - Agent path: null
13:32:42.625 [ApplicationImpl pooled thread 30] INFO  c.b.l.BrowserStackRunExtension - testng
13:32:42.625 [ApplicationImpl pooled thread 30] INFO  com.browserstack.utils.Helpers - null
13:32:42.625 [ApplicationImpl pooled thread 30] INFO  c.b.l.BrowserStackRunExtension - Agent path: null
13:33:21.507 [ApplicationImpl pooled thread 32] INFO  c.b.l.BrowserStackRunExtension - testng
13:33:21.507 [ApplicationImpl pooled thread 32] INFO  com.browserstack.utils.Helpers - null
13:33:21.523 [ApplicationImpl pooled thread 32] INFO  c.b.l.BrowserStackRunExtension - Agent path: null
13:55:09.770 [ApplicationImpl pooled thread 37] INFO  c.b.l.BrowserStackRunExtension - testng
13:55:09.770 [ApplicationImpl pooled thread 37] INFO  com.browserstack.utils.Helpers - null
13:55:09.785 [ApplicationImpl pooled thread 37] INFO  c.b.l.BrowserStackRunExtension - Agent path: null
13:55:56.431 [ApplicationImpl pooled thread 36] INFO  c.b.l.BrowserStackRunExtension - testng
13:55:56.431 [ApplicationImpl pooled thread 36] INFO  com.browserstack.utils.Helpers - null
13:55:56.432 [ApplicationImpl pooled thread 36] INFO  c.b.l.BrowserStackRunExtension - Agent path: null
13:59:09.214 [ApplicationImpl pooled thread 36] INFO  c.b.l.BrowserStackRunExtension - testng
13:59:09.214 [ApplicationImpl pooled thread 36] INFO  com.browserstack.utils.Helpers - null
13:59:09.214 [ApplicationImpl pooled thread 36] INFO  c.b.l.BrowserStackRunExtension - Agent path: null
14:28:16.767 [ApplicationImpl pooled thread 49] INFO  c.b.l.BrowserStackRunExtension - testng
14:28:16.767 [ApplicationImpl pooled thread 49] INFO  com.browserstack.utils.Helpers - null
14:28:16.767 [ApplicationImpl pooled thread 49] INFO  c.b.l.BrowserStackRunExtension - Agent path: null
15:03:47.309 [ApplicationImpl pooled thread 65] INFO  c.b.l.BrowserStackRunExtension - testng
15:03:47.309 [ApplicationImpl pooled thread 65] INFO  com.browserstack.utils.Helpers - null
15:03:47.309 [ApplicationImpl pooled thread 65] INFO  c.b.l.BrowserStackRunExtension - Agent path: null
15:09:02.210 [ApplicationImpl pooled thread 72] INFO  c.b.l.BrowserStackRunExtension - testng
15:09:02.210 [ApplicationImpl pooled thread 72] INFO  com.browserstack.utils.Helpers - null
15:09:02.210 [ApplicationImpl pooled thread 72] INFO  c.b.l.BrowserStackRunExtension - Agent path: null
15:23:46.496 [ApplicationImpl pooled thread 70] INFO  c.b.l.BrowserStackRunExtension - testng
15:23:46.496 [ApplicationImpl pooled thread 70] INFO  com.browserstack.utils.Helpers - null
15:23:46.512 [ApplicationImpl pooled thread 70] INFO  c.b.l.BrowserStackRunExtension - Agent path: null
15:29:23.529 [ApplicationImpl pooled thread 77] INFO  c.b.l.BrowserStackRunExtension - testng
15:29:23.529 [ApplicationImpl pooled thread 77] INFO  com.browserstack.utils.Helpers - null
15:29:23.529 [ApplicationImpl pooled thread 77] INFO  c.b.l.BrowserStackRunExtension - Agent path: null
15:59:05.286 [ApplicationImpl pooled thread 91] INFO  c.b.l.BrowserStackRunExtension - testng
15:59:05.286 [ApplicationImpl pooled thread 91] INFO  com.browserstack.utils.Helpers - null
15:59:05.286 [ApplicationImpl pooled thread 91] INFO  c.b.l.BrowserStackRunExtension - Agent path: null
15:59:40.283 [ApplicationImpl pooled thread 87] INFO  c.b.l.BrowserStackRunExtension - testng
15:59:40.283 [ApplicationImpl pooled thread 87] INFO  com.browserstack.utils.Helpers - null
15:59:40.283 [ApplicationImpl pooled thread 87] INFO  c.b.l.BrowserStackRunExtension - Agent path: null
13:58:07.881 [ApplicationImpl pooled thread 67] INFO  c.b.l.BrowserStackRunExtension - testng
13:58:07.883 [ApplicationImpl pooled thread 67] INFO  com.browserstack.utils.Helpers - null
13:58:07.884 [ApplicationImpl pooled thread 67] INFO  c.b.l.BrowserStackRunExtension - Agent path: null
13:58:49.875 [ApplicationImpl pooled thread 67] INFO  c.b.l.BrowserStackRunExtension - testng
13:58:49.875 [ApplicationImpl pooled thread 67] INFO  com.browserstack.utils.Helpers - null
13:58:49.875 [ApplicationImpl pooled thread 67] INFO  c.b.l.BrowserStackRunExtension - Agent path: null
13:59:11.371 [ApplicationImpl pooled thread 68] INFO  c.b.l.BrowserStackRunExtension - testng
13:59:11.371 [ApplicationImpl pooled thread 68] INFO  com.browserstack.utils.Helpers - null
13:59:11.371 [ApplicationImpl pooled thread 68] INFO  c.b.l.BrowserStackRunExtension - Agent path: null
14:01:47.190 [ApplicationImpl pooled thread 70] INFO  c.b.l.BrowserStackRunExtension - testng
14:01:47.190 [ApplicationImpl pooled thread 70] INFO  com.browserstack.utils.Helpers - null
14:01:47.191 [ApplicationImpl pooled thread 70] INFO  c.b.l.BrowserStackRunExtension - Agent path: null
14:03:33.244 [ApplicationImpl pooled thread 70] INFO  c.b.l.BrowserStackRunExtension - testng
14:03:33.244 [ApplicationImpl pooled thread 70] INFO  com.browserstack.utils.Helpers - null
14:03:33.245 [ApplicationImpl pooled thread 70] INFO  c.b.l.BrowserStackRunExtension - Agent path: null
14:04:00.427 [ApplicationImpl pooled thread 75] INFO  c.b.l.BrowserStackRunExtension - testng
14:04:00.427 [ApplicationImpl pooled thread 75] INFO  com.browserstack.utils.Helpers - null
14:04:00.428 [ApplicationImpl pooled thread 75] INFO  c.b.l.BrowserStackRunExtension - Agent path: null
14:07:08.223 [ApplicationImpl pooled thread 96] INFO  c.b.l.BrowserStackRunExtension - testng
14:07:08.223 [ApplicationImpl pooled thread 96] INFO  com.browserstack.utils.Helpers - null
14:07:08.223 [ApplicationImpl pooled thread 96] INFO  c.b.l.BrowserStackRunExtension - Agent path: null
14:10:55.223 [ApplicationImpl pooled thread 79] INFO  c.b.l.BrowserStackRunExtension - testng
14:10:55.223 [ApplicationImpl pooled thread 79] INFO  com.browserstack.utils.Helpers - null
14:10:55.223 [ApplicationImpl pooled thread 79] INFO  c.b.l.BrowserStackRunExtension - Agent path: null
14:11:45.546 [ApplicationImpl pooled thread 99] INFO  c.b.l.BrowserStackRunExtension - testng
14:11:45.546 [ApplicationImpl pooled thread 99] INFO  com.browserstack.utils.Helpers - null
14:11:45.546 [ApplicationImpl pooled thread 99] INFO  c.b.l.BrowserStackRunExtension - Agent path: null
14:12:28.681 [ApplicationImpl pooled thread 79] INFO  c.b.l.BrowserStackRunExtension - testng
14:12:28.681 [ApplicationImpl pooled thread 79] INFO  com.browserstack.utils.Helpers - null
14:12:28.682 [ApplicationImpl pooled thread 79] INFO  c.b.l.BrowserStackRunExtension - Agent path: null
15:30:07.195 [ApplicationImpl pooled thread 120] INFO  c.b.l.BrowserStackRunExtension - testng
15:30:07.195 [ApplicationImpl pooled thread 120] INFO  com.browserstack.utils.Helpers - null
15:30:07.195 [ApplicationImpl pooled thread 120] INFO  c.b.l.BrowserStackRunExtension - Agent path: null
15:30:19.997 [ApplicationImpl pooled thread 120] INFO  c.b.l.BrowserStackRunExtension - testng
15:30:19.997 [ApplicationImpl pooled thread 120] INFO  com.browserstack.utils.Helpers - null
15:30:19.997 [ApplicationImpl pooled thread 120] INFO  c.b.l.BrowserStackRunExtension - Agent path: null
16:56:25.243 [ApplicationImpl pooled thread 10] INFO  c.b.l.BrowserStackRunExtension - testng
16:56:25.244 [ApplicationImpl pooled thread 10] INFO  com.browserstack.utils.Helpers - null
16:56:25.245 [ApplicationImpl pooled thread 10] INFO  c.b.l.BrowserStackRunExtension - Agent path: null
17:34:30.636 [ApplicationImpl pooled thread 28] INFO  c.b.l.BrowserStackRunExtension - testng
17:34:30.637 [ApplicationImpl pooled thread 28] INFO  com.browserstack.utils.Helpers - null
17:34:30.637 [ApplicationImpl pooled thread 28] INFO  c.b.l.BrowserStackRunExtension - Agent path: null
17:35:09.810 [ApplicationImpl pooled thread 27] INFO  c.b.l.BrowserStackRunExtension - testng
17:35:09.810 [ApplicationImpl pooled thread 27] INFO  com.browserstack.utils.Helpers - null
17:35:09.811 [ApplicationImpl pooled thread 27] INFO  c.b.l.BrowserStackRunExtension - Agent path: null
17:38:28.914 [ApplicationImpl pooled thread 30] INFO  c.b.l.BrowserStackRunExtension - testng
17:38:28.914 [ApplicationImpl pooled thread 30] INFO  com.browserstack.utils.Helpers - null
17:38:28.915 [ApplicationImpl pooled thread 30] INFO  c.b.l.BrowserStackRunExtension - Agent path: null
